<?xml version="1.0" encoding="UTF-8"?>
<!-- Generated by org.testng.reporters.JUnitReportReporter -->
<testsuite hostname="Sidhu" failures="0" tests="1" name="TestCases.FWA_052" time="11.283" errors="0" timestamp="2023-01-18T05:51:53 EST" skipped="0">
  <testcase classname="TestCases.FWA_052" name="SignIn" time="11.283"/>
  <system-out/>
</testsuite> <!-- TestCases.FWA_052 -->
