<?xml version="1.0" encoding="UTF-8"?>
<!-- Generated by org.testng.reporters.JUnitReportReporter -->
<testsuite hostname="Sidhu" failures="0" tests="2" name="TestCases.FWA_035" time="5.527" errors="0" timestamp="2023-01-11T03:23:48 EST" skipped="0">
  <testcase classname="TestCases.FWA_035" name="SignIn" time="2.538"/>
  <system-out/>
  <testcase classname="TestCases.FWA_035" name="forgotPassword" time="2.989"/>
  <system-out/>
</testsuite> <!-- TestCases.FWA_035 -->
